<?xml version="1.0" encoding="UTF-8"?>
<testng-results ignored="0" total="2" passed="2" failed="0" skipped="0">
  <reporter-output>
  </reporter-output>
  <suite started-at="2024-10-28T13:05:15 EDT" name="Suite" finished-at="2024-10-28T13:05:23 EDT" duration-ms="7590">
    <groups>
      <group name="cucumber">
        <method signature="AbstractTestNGCucumberTests.runScenario(io.cucumber.testng.PickleEventWrapper,io.cucumber.testng.CucumberFeatureWrapper)[pri:0, instance:com.generic.Runner@37d4349f]" name="runScenario" class="io.cucumber.testng.AbstractTestNGCucumberTests"/>
      </group> <!-- cucumber -->
    </groups>
    <test started-at="2024-10-28T13:05:15 EDT" name="Test" finished-at="2024-10-28T13:05:23 EDT" duration-ms="7590">
      <class name="com.generic.Runner">
        <test-method is-config="true" signature="setUpClass()[pri:0, instance:com.generic.Runner@37d4349f]" started-at="2024-10-28T13:05:15 EDT" name="setUpClass" finished-at="2024-10-28T13:05:16 EDT" duration-ms="89" status="PASS">
          <reporter-output>
          </reporter-output>
        </test-method> <!-- setUpClass -->
        <test-method signature="runScenario(io.cucumber.testng.PickleEventWrapper,io.cucumber.testng.CucumberFeatureWrapper)[pri:0, instance:com.generic.Runner@37d4349f]" started-at="2024-10-28T13:05:16 EDT" name="runScenario" description="Runs Cucumber Scenarios" data-provider="scenarios" finished-at="2024-10-28T13:05:20 EDT" duration-ms="4699" status="PASS">
          <params>
            <param index="0">
              <value>
                <![CDATA["As a user, Login should pass with valid credential"]]>
              </value>
            </param>
            <param index="1">
              <value>
                <![CDATA["Login function test"]]>
              </value>
            </param>
          </params>
          <reporter-output>
          </reporter-output>
        </test-method> <!-- runScenario -->
        <test-method signature="runScenario(io.cucumber.testng.PickleEventWrapper,io.cucumber.testng.CucumberFeatureWrapper)[pri:0, instance:com.generic.Runner@37d4349f]" started-at="2024-10-28T13:05:20 EDT" name="runScenario" description="Runs Cucumber Scenarios" data-provider="scenarios" finished-at="2024-10-28T13:05:23 EDT" duration-ms="2629" status="PASS">
          <params>
            <param index="0">
              <value>
                <![CDATA["As a user, Login should fail with invalid credential"]]>
              </value>
            </param>
            <param index="1">
              <value>
                <![CDATA["Login function test"]]>
              </value>
            </param>
          </params>
          <reporter-output>
          </reporter-output>
        </test-method> <!-- runScenario -->
        <test-method is-config="true" signature="tearDownClass()[pri:0, instance:com.generic.Runner@37d4349f]" started-at="2024-10-28T13:05:23 EDT" name="tearDownClass" finished-at="2024-10-28T13:05:23 EDT" duration-ms="103" status="PASS">
          <reporter-output>
          </reporter-output>
        </test-method> <!-- tearDownClass -->
      </class> <!-- com.generic.Runner -->
    </test> <!-- Test -->
  </suite> <!-- Suite -->
</testng-results>
